<?xml version="1.0" encoding="UTF-8"?>
<testng-results ignored="0" total="1" passed="1" failed="0" skipped="0">
  <reporter-output>
  </reporter-output>
  <suite started-at="2024-06-19T19:48:32 IST" name="Default suite" finished-at="2024-06-19T19:48:36 IST" duration-ms="3507">
    <groups>
    </groups>
    <test started-at="2024-06-19T19:48:32 IST" name="Default test" finished-at="2024-06-19T19:48:36 IST" duration-ms="3507">
      <class name="Session03.Test_DeleteMethod">
        <test-method signature="test_Case05()[pri:0, instance:Session03.Test_DeleteMethod@45099dd3]" started-at="2024-06-19T19:48:32 IST" name="test_Case05" finished-at="2024-06-19T19:48:36 IST" duration-ms="3464" status="PASS">
          <reporter-output>
          </reporter-output>
        </test-method> <!-- test_Case05 -->
      </class> <!-- Session03.Test_DeleteMethod -->
    </test> <!-- Default test -->
  </suite> <!-- Default suite -->
</testng-results>
